<?xml version="1.0" encoding="UTF-8"?>
<testsuite name="com.mtronci.calculator.CalculatorApplicationTests" tests="1" skipped="0" failures="0" errors="0" timestamp="2020-02-16T16:35:34" hostname="penguin" time="1.13">
  <properties/>
  <testcase name="contextLoads()" classname="com.mtronci.calculator.CalculatorApplicationTests" time="1.13"/>
  <system-out><![CDATA[16:35:19.245 [Test worker] DEBUG org.springframework.test.context.BootstrapUtils - Instantiating CacheAwareContextLoaderDelegate from class [org.springframework.test.context.cache.DefaultCacheAwareContextLoaderDelegate]
16:35:19.296 [Test worker] DEBUG org.springframework.test.context.BootstrapUtils - Instantiating BootstrapContext using constructor [public org.springframework.test.context.support.DefaultBootstrapContext(java.lang.Class,org.springframework.test.context.CacheAwareContextLoaderDelegate)]
16:35:19.407 [Test worker] DEBUG org.springframework.test.context.BootstrapUtils - Instantiating TestContextBootstrapper for test class [com.mtronci.calculator.CalculatorApplicationTests] from class [org.springframework.boot.test.context.SpringBootTestContextBootstrapper]
16:35:19.546 [Test worker] INFO org.springframework.boot.test.context.SpringBootTestContextBootstrapper - Neither @ContextConfiguration nor @ContextHierarchy found for test class [com.mtronci.calculator.CalculatorApplicationTests], using SpringBootContextLoader
16:35:19.571 [Test worker] DEBUG org.springframework.test.context.support.AbstractContextLoader - Did not detect default resource location for test class [com.mtronci.calculator.CalculatorApplicationTests]: class path resource [com/mtronci/calculator/CalculatorApplicationTests-context.xml] does not exist
16:35:19.572 [Test worker] DEBUG org.springframework.test.context.support.AbstractContextLoader - Did not detect default resource location for test class [com.mtronci.calculator.CalculatorApplicationTests]: class path resource [com/mtronci/calculator/CalculatorApplicationTestsContext.groovy] does not exist
16:35:19.573 [Test worker] INFO org.springframework.test.context.support.AbstractContextLoader - Could not detect default resource locations for test class [com.mtronci.calculator.CalculatorApplicationTests]: no resource found for suffixes {-context.xml, Context.groovy}.
16:35:19.577 [Test worker] INFO org.springframework.test.context.support.AnnotationConfigContextLoaderUtils - Could not detect default configuration classes for test class [com.mtronci.calculator.CalculatorApplicationTests]: CalculatorApplicationTests does not declare any static, non-private, non-final, nested classes annotated with @Configuration.
16:35:19.709 [Test worker] DEBUG org.springframework.test.context.support.ActiveProfilesUtils - Could not find an 'annotation declaring class' for annotation type [org.springframework.test.context.ActiveProfiles] and class [com.mtronci.calculator.CalculatorApplicationTests]
16:35:19.915 [Test worker] DEBUG org.springframework.context.annotation.ClassPathScanningCandidateComponentProvider - Identified candidate component class: file [/home/mtronci/Code/cicd-calculator/build/classes/java/main/com/mtronci/calculator/CalculatorApplication.class]
16:35:19.971 [Test worker] INFO org.springframework.boot.test.context.SpringBootTestContextBootstrapper - Found @SpringBootConfiguration com.mtronci.calculator.CalculatorApplication for test class com.mtronci.calculator.CalculatorApplicationTests
16:35:20.370 [Test worker] DEBUG org.springframework.boot.test.context.SpringBootTestContextBootstrapper - @TestExecutionListeners is not present for class [com.mtronci.calculator.CalculatorApplicationTests]: using defaults.
16:35:20.371 [Test worker] INFO org.springframework.boot.test.context.SpringBootTestContextBootstrapper - Loaded default TestExecutionListener class names from location [META-INF/spring.factories]: [org.springframework.boot.test.autoconfigure.restdocs.RestDocsTestExecutionListener, org.springframework.boot.test.autoconfigure.web.client.MockRestServiceServerResetTestExecutionListener, org.springframework.boot.test.autoconfigure.web.servlet.MockMvcPrintOnlyOnFailureTestExecutionListener, org.springframework.boot.test.autoconfigure.web.servlet.WebDriverTestExecutionListener, org.springframework.boot.test.mock.mockito.MockitoTestExecutionListener, org.springframework.boot.test.mock.mockito.ResetMocksTestExecutionListener, org.springframework.test.context.web.ServletTestExecutionListener, org.springframework.test.context.support.DirtiesContextBeforeModesTestExecutionListener, org.springframework.test.context.support.DependencyInjectionTestExecutionListener, org.springframework.test.context.support.DirtiesContextTestExecutionListener, org.springframework.test.context.transaction.TransactionalTestExecutionListener, org.springframework.test.context.jdbc.SqlScriptsTestExecutionListener, org.springframework.test.context.event.EventPublishingTestExecutionListener]
16:35:20.396 [Test worker] DEBUG org.springframework.boot.test.context.SpringBootTestContextBootstrapper - Skipping candidate TestExecutionListener [org.springframework.test.context.transaction.TransactionalTestExecutionListener] due to a missing dependency. Specify custom listener classes or make the default listener classes and their required dependencies available. Offending class: [org/springframework/transaction/TransactionDefinition]
16:35:20.397 [Test worker] DEBUG org.springframework.boot.test.context.SpringBootTestContextBootstrapper - Skipping candidate TestExecutionListener [org.springframework.test.context.jdbc.SqlScriptsTestExecutionListener] due to a missing dependency. Specify custom listener classes or make the default listener classes and their required dependencies available. Offending class: [org/springframework/transaction/interceptor/TransactionAttribute]
16:35:20.398 [Test worker] INFO org.springframework.boot.test.context.SpringBootTestContextBootstrapper - Using TestExecutionListeners: [org.springframework.test.context.web.ServletTestExecutionListener@41a9b34c, org.springframework.test.context.support.DirtiesContextBeforeModesTestExecutionListener@114f43e5, org.springframework.boot.test.mock.mockito.MockitoTestExecutionListener@630a2c49, org.springframework.boot.test.autoconfigure.SpringBootDependencyInjectionTestExecutionListener@53640a0b, org.springframework.test.context.support.DirtiesContextTestExecutionListener@5f5be0f8, org.springframework.test.context.event.EventPublishingTestExecutionListener@34e0d09d, org.springframework.boot.test.autoconfigure.restdocs.RestDocsTestExecutionListener@6baca2c, org.springframework.boot.test.autoconfigure.web.client.MockRestServiceServerResetTestExecutionListener@75fdbca2, org.springframework.boot.test.autoconfigure.web.servlet.MockMvcPrintOnlyOnFailureTestExecutionListener@7521dec5, org.springframework.boot.test.autoconfigure.web.servlet.WebDriverTestExecutionListener@47f78cc4, org.springframework.boot.test.mock.mockito.ResetMocksTestExecutionListener@174cd5bc]
16:35:20.421 [Test worker] DEBUG org.springframework.test.context.support.AbstractDirtiesContextTestExecutionListener - Before test class: context [DefaultTestContext@10d46209 testClass = CalculatorApplicationTests, testInstance = [null], testMethod = [null], testException = [null], mergedContextConfiguration = [WebMergedContextConfiguration@465153bd testClass = CalculatorApplicationTests, locations = '{}', classes = '{class com.mtronci.calculator.CalculatorApplication}', contextInitializerClasses = '[]', activeProfiles = '{}', propertySourceLocations = '{}', propertySourceProperties = '{org.springframework.boot.test.context.SpringBootTestContextBootstrapper=true}', contextCustomizers = set[org.springframework.boot.test.autoconfigure.properties.PropertyMappingContextCustomizer@0, org.springframework.boot.test.autoconfigure.web.servlet.WebDriverContextCustomizerFactory$Customizer@7dfa03a6, org.springframework.boot.test.context.filter.ExcludeFilterContextCustomizer@70f402ab, org.springframework.boot.test.json.DuplicateJsonObjectContextCustomizerFactory$DuplicateJsonObjectContextCustomizer@43ed31, org.springframework.boot.test.mock.mockito.MockitoContextCustomizer@0, org.springframework.boot.test.web.client.TestRestTemplateContextCustomizer@3085628a], resourceBasePath = 'src/main/webapp', contextLoader = 'org.springframework.boot.test.context.SpringBootContextLoader', parent = [null]], attributes = map['org.springframework.test.context.web.ServletTestExecutionListener.activateListener' -> true]], class annotated with @DirtiesContext [false] with mode [null].
16:35:20.630 [Test worker] DEBUG org.springframework.test.context.support.TestPropertySourceUtils - Adding inlined properties to environment: {spring.jmx.enabled=false, org.springframework.boot.test.context.SpringBootTestContextBootstrapper=true, server.port=-1}

  .   ____          _            __ _ _
 /\\ / ___'_ __ _ _(_)_ __  __ _ \ \ \ \
( ( )\___ | '_ | '_| | '_ \/ _` | \ \ \ \
 \\/  ___)| |_)| | | | | || (_| |  ) ) ) )
  '  |____| .__|_| |_|_| |_\__, | / / / /
 =========|_|==============|___/=/_/_/_/
 :: Spring Boot ::        (v2.2.4.RELEASE)

2020-02-16 16:35:23.461  INFO 2139 --- [    Test worker] c.m.c.CalculatorApplicationTests         : Starting CalculatorApplicationTests on penguin with PID 2139 (started by mtronci in /home/mtronci/Code/cicd-calculator)
2020-02-16 16:35:23.475  INFO 2139 --- [    Test worker] c.m.c.CalculatorApplicationTests         : No active profile set, falling back to default profiles: default
2020-02-16 16:35:32.299  INFO 2139 --- [    Test worker] o.s.s.concurrent.ThreadPoolTaskExecutor  : Initializing ExecutorService 'applicationTaskExecutor'
2020-02-16 16:35:34.052  INFO 2139 --- [    Test worker] c.m.c.CalculatorApplicationTests         : Started CalculatorApplicationTests in 13.367 seconds (JVM running for 19.223)
]]></system-out>
  <system-err><![CDATA[]]></system-err>
</testsuite>
