<?xml version="1.0" encoding="UTF-8"?>
<testsuite name="com.mtronci.calculator.CalculatorApplicationTests" tests="1" skipped="0" failures="0" errors="0" timestamp="2020-02-16T16:46:23" hostname="penguin" time="0.919">
  <properties/>
  <testcase name="contextLoads()" classname="com.mtronci.calculator.CalculatorApplicationTests" time="0.919"/>
  <system-out><![CDATA[16:46:06.444 [Test worker] DEBUG org.springframework.test.context.BootstrapUtils - Instantiating CacheAwareContextLoaderDelegate from class [org.springframework.test.context.cache.DefaultCacheAwareContextLoaderDelegate]
16:46:06.544 [Test worker] DEBUG org.springframework.test.context.BootstrapUtils - Instantiating BootstrapContext using constructor [public org.springframework.test.context.support.DefaultBootstrapContext(java.lang.Class,org.springframework.test.context.CacheAwareContextLoaderDelegate)]
16:46:06.766 [Test worker] DEBUG org.springframework.test.context.BootstrapUtils - Instantiating TestContextBootstrapper for test class [com.mtronci.calculator.CalculatorApplicationTests] from class [org.springframework.boot.test.context.SpringBootTestContextBootstrapper]
16:46:06.924 [Test worker] INFO org.springframework.boot.test.context.SpringBootTestContextBootstrapper - Neither @ContextConfiguration nor @ContextHierarchy found for test class [com.mtronci.calculator.CalculatorApplicationTests], using SpringBootContextLoader
16:46:06.956 [Test worker] DEBUG org.springframework.test.context.support.AbstractContextLoader - Did not detect default resource location for test class [com.mtronci.calculator.CalculatorApplicationTests]: class path resource [com/mtronci/calculator/CalculatorApplicationTests-context.xml] does not exist
16:46:06.965 [Test worker] DEBUG org.springframework.test.context.support.AbstractContextLoader - Did not detect default resource location for test class [com.mtronci.calculator.CalculatorApplicationTests]: class path resource [com/mtronci/calculator/CalculatorApplicationTestsContext.groovy] does not exist
16:46:06.965 [Test worker] INFO org.springframework.test.context.support.AbstractContextLoader - Could not detect default resource locations for test class [com.mtronci.calculator.CalculatorApplicationTests]: no resource found for suffixes {-context.xml, Context.groovy}.
16:46:06.967 [Test worker] INFO org.springframework.test.context.support.AnnotationConfigContextLoaderUtils - Could not detect default configuration classes for test class [com.mtronci.calculator.CalculatorApplicationTests]: CalculatorApplicationTests does not declare any static, non-private, non-final, nested classes annotated with @Configuration.
16:46:07.183 [Test worker] DEBUG org.springframework.test.context.support.ActiveProfilesUtils - Could not find an 'annotation declaring class' for annotation type [org.springframework.test.context.ActiveProfiles] and class [com.mtronci.calculator.CalculatorApplicationTests]
16:46:07.751 [Test worker] DEBUG org.springframework.context.annotation.ClassPathScanningCandidateComponentProvider - Identified candidate component class: file [/home/mtronci/Code/cicd-calculator/build/classes/java/main/com/mtronci/calculator/CalculatorApplication.class]
16:46:07.807 [Test worker] INFO org.springframework.boot.test.context.SpringBootTestContextBootstrapper - Found @SpringBootConfiguration com.mtronci.calculator.CalculatorApplication for test class com.mtronci.calculator.CalculatorApplicationTests
16:46:08.534 [Test worker] DEBUG org.springframework.boot.test.context.SpringBootTestContextBootstrapper - @TestExecutionListeners is not present for class [com.mtronci.calculator.CalculatorApplicationTests]: using defaults.
16:46:08.539 [Test worker] INFO org.springframework.boot.test.context.SpringBootTestContextBootstrapper - Loaded default TestExecutionListener class names from location [META-INF/spring.factories]: [org.springframework.boot.test.autoconfigure.restdocs.RestDocsTestExecutionListener, org.springframework.boot.test.autoconfigure.web.client.MockRestServiceServerResetTestExecutionListener, org.springframework.boot.test.autoconfigure.web.servlet.MockMvcPrintOnlyOnFailureTestExecutionListener, org.springframework.boot.test.autoconfigure.web.servlet.WebDriverTestExecutionListener, org.springframework.boot.test.mock.mockito.MockitoTestExecutionListener, org.springframework.boot.test.mock.mockito.ResetMocksTestExecutionListener, org.springframework.test.context.web.ServletTestExecutionListener, org.springframework.test.context.support.DirtiesContextBeforeModesTestExecutionListener, org.springframework.test.context.support.DependencyInjectionTestExecutionListener, org.springframework.test.context.support.DirtiesContextTestExecutionListener, org.springframework.test.context.transaction.TransactionalTestExecutionListener, org.springframework.test.context.jdbc.SqlScriptsTestExecutionListener, org.springframework.test.context.event.EventPublishingTestExecutionListener]
16:46:08.631 [Test worker] DEBUG org.springframework.boot.test.context.SpringBootTestContextBootstrapper - Skipping candidate TestExecutionListener [org.springframework.test.context.transaction.TransactionalTestExecutionListener] due to a missing dependency. Specify custom listener classes or make the default listener classes and their required dependencies available. Offending class: [org/springframework/transaction/TransactionDefinition]
16:46:08.632 [Test worker] DEBUG org.springframework.boot.test.context.SpringBootTestContextBootstrapper - Skipping candidate TestExecutionListener [org.springframework.test.context.jdbc.SqlScriptsTestExecutionListener] due to a missing dependency. Specify custom listener classes or make the default listener classes and their required dependencies available. Offending class: [org/springframework/transaction/interceptor/TransactionAttribute]
16:46:08.632 [Test worker] INFO org.springframework.boot.test.context.SpringBootTestContextBootstrapper - Using TestExecutionListeners: [org.springframework.test.context.web.ServletTestExecutionListener@64571e7e, org.springframework.test.context.support.DirtiesContextBeforeModesTestExecutionListener@31403564, org.springframework.boot.test.mock.mockito.MockitoTestExecutionListener@17f7db5a, org.springframework.boot.test.autoconfigure.SpringBootDependencyInjectionTestExecutionListener@5b6bad8, org.springframework.test.context.support.DirtiesContextTestExecutionListener@59cee0fe, org.springframework.test.context.event.EventPublishingTestExecutionListener@691515b6, org.springframework.boot.test.autoconfigure.restdocs.RestDocsTestExecutionListener@40913ec5, org.springframework.boot.test.autoconfigure.web.client.MockRestServiceServerResetTestExecutionListener@70c13c75, org.springframework.boot.test.autoconfigure.web.servlet.MockMvcPrintOnlyOnFailureTestExecutionListener@5e26fb83, org.springframework.boot.test.autoconfigure.web.servlet.WebDriverTestExecutionListener@1f5ffd54, org.springframework.boot.test.mock.mockito.ResetMocksTestExecutionListener@56718f6c]
16:46:08.663 [Test worker] DEBUG org.springframework.test.context.support.AbstractDirtiesContextTestExecutionListener - Before test class: context [DefaultTestContext@255271a2 testClass = CalculatorApplicationTests, testInstance = [null], testMethod = [null], testException = [null], mergedContextConfiguration = [WebMergedContextConfiguration@2456b64a testClass = CalculatorApplicationTests, locations = '{}', classes = '{class com.mtronci.calculator.CalculatorApplication}', contextInitializerClasses = '[]', activeProfiles = '{}', propertySourceLocations = '{}', propertySourceProperties = '{org.springframework.boot.test.context.SpringBootTestContextBootstrapper=true}', contextCustomizers = set[org.springframework.boot.test.autoconfigure.properties.PropertyMappingContextCustomizer@0, org.springframework.boot.test.autoconfigure.web.servlet.WebDriverContextCustomizerFactory$Customizer@373332d, org.springframework.boot.test.context.filter.ExcludeFilterContextCustomizer@d13d147, org.springframework.boot.test.json.DuplicateJsonObjectContextCustomizerFactory$DuplicateJsonObjectContextCustomizer@638e9888, org.springframework.boot.test.mock.mockito.MockitoContextCustomizer@0, org.springframework.boot.test.web.client.TestRestTemplateContextCustomizer@2442f3fb], resourceBasePath = 'src/main/webapp', contextLoader = 'org.springframework.boot.test.context.SpringBootContextLoader', parent = [null]], attributes = map['org.springframework.test.context.web.ServletTestExecutionListener.activateListener' -> true]], class annotated with @DirtiesContext [false] with mode [null].
16:46:08.879 [Test worker] DEBUG org.springframework.test.context.support.TestPropertySourceUtils - Adding inlined properties to environment: {spring.jmx.enabled=false, org.springframework.boot.test.context.SpringBootTestContextBootstrapper=true, server.port=-1}

  .   ____          _            __ _ _
 /\\ / ___'_ __ _ _(_)_ __  __ _ \ \ \ \
( ( )\___ | '_ | '_| | '_ \/ _` | \ \ \ \
 \\/  ___)| |_)| | | | | || (_| |  ) ) ) )
  '  |____| .__|_| |_|_| |_\__, | / / / /
 =========|_|==============|___/=/_/_/_/
 :: Spring Boot ::        (v2.2.4.RELEASE)

2020-02-16 16:46:11.113  INFO 2562 --- [    Test worker] c.m.c.CalculatorApplicationTests         : Starting CalculatorApplicationTests on penguin with PID 2562 (started by mtronci in /home/mtronci/Code/cicd-calculator)
2020-02-16 16:46:11.121  INFO 2562 --- [    Test worker] c.m.c.CalculatorApplicationTests         : No active profile set, falling back to default profiles: default
2020-02-16 16:46:22.196  INFO 2562 --- [    Test worker] o.s.s.concurrent.ThreadPoolTaskExecutor  : Initializing ExecutorService 'applicationTaskExecutor'
2020-02-16 16:46:23.843  INFO 2562 --- [    Test worker] c.m.c.CalculatorApplicationTests         : Started CalculatorApplicationTests in 14.872 seconds (JVM running for 22.685)
]]></system-out>
  <system-err><![CDATA[]]></system-err>
</testsuite>
